-------------------------------------------------------------------------------
Test set: com.api.automation.ParallelEx
-------------------------------------------------------------------------------
Tests run: 1, Failures: 1, Errors: 0, Skipped: 0, Time elapsed: 41.257 s <<< FAILURE! - in com.api.automation.ParallelEx
ParallelRunner  Time elapsed: 41.253 s  <<< FAILURE!
org.opentest4j.AssertionFailedError: expected: <0> but was: <6>
	at com.api.automation.ParallelEx.ParallelRunner(ParallelEx.java:30)

