{"failedCount":1,"prefixedPath":"classpath:com\/api\/automation\/jsScript\/JSExecuterschemaValidation.feature","packageQualifiedName":"com.api.automation.jsScript.JSExecuterschemaValidation","loopIndex":-1,"relativePath":"com\/api\/automation\/jsScript\/JSExecuterschemaValidation.feature","scenarioResults":[{"sectionIndex":0,"stepResults":[{"result":{"nanos":671400,"millis":0.6714,"status":"passed"},"step":{"background":true,"line":4,"prefix":"Given","index":0,"text":"url \"https:\/\/rahulshettyacademy.com\""},"stepLog":"12:54:18.178 karate.env system property was: null \n"},{"result":{"nanos":1137500,"millis":1.1375,"status":"passed"},"step":{"background":true,"line":6,"prefix":"And","index":1,"text":"print \"+++++++++++++ This is background++++++++++++++\""},"stepLog":"12:54:18.212 [print] +++++++++++++ This is background++++++++++++++ \n"},{"result":{"nanos":5632200,"millis":5.6322,"status":"passed"},"step":{"line":10,"prefix":"Given","index":0,"text":"path \"\/maps\/api\/place\/add\/json\""}},{"result":{"nanos":1478400,"millis":1.4784,"status":"passed"},"step":{"line":11,"prefix":"*","index":1,"text":"def var = function() { return 50;}"}},{"result":{"nanos":17444500,"errorMessage":">>>> js failed:\n01: karate.log('[print]',\"value - \",var())\n<<<<\norg.graalvm.polyglot.PolyglotException: SyntaxError: Unnamed:1:32 Expected an operand but found var\r\nkarate.log('[print]',\"value - \",var())\r\n                                ^\n\n- org.graalvm.polyglot.Context.eval(Context.java:373)\n- com.intuit.karate.graal.JsEngine.evalForValue(JsEngine.java:124)\n- com.intuit.karate.graal.JsEngine.eval(JsEngine.java:120)\n- com.intuit.karate.core.ScenarioEngine.evalJs(ScenarioEngine.java:1246)\n- com.intuit.karate.core.ScenarioEngine.print(ScenarioEngine.java:247)\n- com.intuit.karate.ScenarioActions.print(ScenarioActions.java:296)\n- java.base\/jdk.internal.reflect.NativeMethodAccessorImpl.invoke0(Native Method)\n\nclasspath:com\/api\/automation\/jsScript\/JSExecuterschemaValidation.feature:12","millis":17.4445,"status":"failed"},"step":{"line":12,"prefix":"And","index":2,"text":"print \"value - \",var()"},"stepLog":"12:54:18.238 classpath:com\/api\/automation\/jsScript\/JSExecuterschemaValidation.feature:12\nAnd print \"value - \",var()\n>>>> js failed:\n01: karate.log('[print]',\"value - \",var())\n<<<<\norg.graalvm.polyglot.PolyglotException: SyntaxError: Unnamed:1:32 Expected an operand but found var\r\nkarate.log('[print]',\"value - \",var())\r\n                                ^\n\n- org.graalvm.polyglot.Context.eval(Context.java:373)\n- com.intuit.karate.graal.JsEngine.evalForValue(JsEngine.java:124)\n- com.intuit.karate.graal.JsEngine.eval(JsEngine.java:120)\n- com.intuit.karate.core.ScenarioEngine.evalJs(ScenarioEngine.java:1246)\n- com.intuit.karate.core.ScenarioEngine.print(ScenarioEngine.java:247)\n- com.intuit.karate.ScenarioActions.print(ScenarioActions.java:296)\n- java.base\/jdk.internal.reflect.NativeMethodAccessorImpl.invoke0(Native Method)\n\nclasspath:com\/api\/automation\/jsScript\/JSExecuterschemaValidation.feature:12\n"}],"line":9,"description":"","durationMillis":26.364,"failed":true,"error":">>>> js failed:\n01: karate.log('[print]',\"value - \",var())\n<<<<\norg.graalvm.polyglot.PolyglotException: SyntaxError: Unnamed:1:32 Expected an operand but found var\r\nkarate.log('[print]',\"value - \",var())\r\n                                ^\n\n- org.graalvm.polyglot.Context.eval(Context.java:373)\n- com.intuit.karate.graal.JsEngine.evalForValue(JsEngine.java:124)\n- com.intuit.karate.graal.JsEngine.eval(JsEngine.java:120)\n- com.intuit.karate.core.ScenarioEngine.evalJs(ScenarioEngine.java:1246)\n- com.intuit.karate.core.ScenarioEngine.print(ScenarioEngine.java:247)\n- com.intuit.karate.ScenarioActions.print(ScenarioActions.java:296)\n- java.base\/jdk.internal.reflect.NativeMethodAccessorImpl.invoke0(Native Method)\n\nclasspath:com\/api\/automation\/jsScript\/JSExecuterschemaValidation.feature:12","executorName":"main","name":"To tests get method","startTime":1624433058001,"refId":"[1:9]","endTime":1624433058238,"exampleIndex":-1}],"callDepth":0,"name":"To Test Get","description":"","resultDate":"2021-06-23 12:54:18 pm","durationMillis":26.364,"passedCount":0}